0 info it worked if it ends with ok
1 verbose cli [ '/usr/bin/node',
1 verbose cli   '/usr/bin/npm',
1 verbose cli   'install',
1 verbose cli   'karma-firefox-launchar',
1 verbose cli   '--save-dev' ]
2 info using npm@1.4.28
3 info using node@v0.10.40
4 verbose node symlink /usr/bin/node
5 warn package.json mean_practice@0.0.0 No repository field.
6 verbose readDependencies using package.json deps
7 verbose cache add [ 'karma-firefox-launchar', null ]
8 verbose cache add name=undefined spec="karma-firefox-launchar" args=["karma-firefox-launchar",null]
9 verbose parsed url { protocol: null,
9 verbose parsed url   slashes: null,
9 verbose parsed url   auth: null,
9 verbose parsed url   host: null,
9 verbose parsed url   port: null,
9 verbose parsed url   hostname: null,
9 verbose parsed url   hash: null,
9 verbose parsed url   search: null,
9 verbose parsed url   query: null,
9 verbose parsed url   pathname: 'karma-firefox-launchar',
9 verbose parsed url   path: 'karma-firefox-launchar',
9 verbose parsed url   href: 'karma-firefox-launchar' }
10 silly lockFile 71048cb4-karma-firefox-launchar karma-firefox-launchar
11 verbose lock karma-firefox-launchar /home/yuzo/.npm/71048cb4-karma-firefox-launchar.lock
12 silly lockFile 71048cb4-karma-firefox-launchar karma-firefox-launchar
13 silly lockFile 71048cb4-karma-firefox-launchar karma-firefox-launchar
14 verbose addNamed [ 'karma-firefox-launchar', '' ]
15 verbose addNamed [ null, '*' ]
16 silly lockFile b2ca677c-karma-firefox-launchar karma-firefox-launchar@
17 verbose lock karma-firefox-launchar@ /home/yuzo/.npm/b2ca677c-karma-firefox-launchar.lock
18 silly addNameRange { name: 'karma-firefox-launchar', range: '*', hasData: false }
19 verbose request where is /karma-firefox-launchar
20 verbose request registry https://registry.npmjs.org/
21 verbose request id 62144d9ba470a91a
22 verbose url raw /karma-firefox-launchar
23 verbose url resolving [ 'https://registry.npmjs.org/', './karma-firefox-launchar' ]
24 verbose url resolved https://registry.npmjs.org/karma-firefox-launchar
25 verbose request where is https://registry.npmjs.org/karma-firefox-launchar
26 info trying registry request attempt 1 at 22:36:42
27 http GET https://registry.npmjs.org/karma-firefox-launchar
28 http 404 https://registry.npmjs.org/karma-firefox-launchar
29 silly registry.get cb [ 404,
29 silly registry.get   { 'content-type': 'application/json',
29 silly registry.get     'cache-control': 'max-age=0',
29 silly registry.get     'content-length': '2',
29 silly registry.get     'accept-ranges': 'bytes',
29 silly registry.get     date: 'Tue, 27 Oct 2015 02:36:43 GMT',
29 silly registry.get     via: '1.1 varnish',
29 silly registry.get     age: '0',
29 silly registry.get     connection: 'keep-alive',
29 silly registry.get     'x-served-by': 'cache-iad2132-IAD',
29 silly registry.get     'x-cache': 'MISS',
29 silly registry.get     'x-cache-hits': '0',
29 silly registry.get     'x-timer': 'S1445913403.488158,VS0,VE375' } ]
30 silly lockFile b2ca677c-karma-firefox-launchar karma-firefox-launchar@
31 silly lockFile b2ca677c-karma-firefox-launchar karma-firefox-launchar@
32 error 404 Not Found
32 error 404
32 error 404 'karma-firefox-launchar' is not in the npm registry.
32 error 404 You should bug the author to publish it
32 error 404 It was specified as a dependency of 'mean_practice'
32 error 404
32 error 404 Note that you can also install from a
32 error 404 tarball, folder, or http url, or git url.
33 error System Linux 3.16.0-30-generic
34 error command "/usr/bin/node" "/usr/bin/npm" "install" "karma-firefox-launchar" "--save-dev"
35 error cwd /home/yuzo/mean_practice
36 error node -v v0.10.40
37 error npm -v 1.4.28
38 error code E404
39 verbose exit [ 1, true ]
